{"message":"[parseStaticDestination] unmatched param:~static/img/ewm-xiaoyi.png","level":"error","service":"vue-ts-converter","timestamp":"2019-06-18 18:30:56"}
{"message":"[parseStaticDestination] unmatched param://misc.360buyimg.com/lib/img/e/blank.gif","level":"error","service":"vue-ts-converter","timestamp":"2019-06-18 18:30:56"}
{"message":"[parseStaticDestination] unmatched param://img1.jcloudcs.com/newproducts/banner.png","level":"error","service":"vue-ts-converter","timestamp":"2019-06-18 18:30:59"}
{"message":"[parseStaticDestination] unmatched param://img1.jcloudcs.com/portal/salon/icon-time.png","level":"error","service":"vue-ts-converter","timestamp":"2019-06-18 18:31:00"}
{"message":"[parseStaticDestination] unmatched param://img1.jcloudcs.com/portal/salon/icon-address.png","level":"error","service":"vue-ts-converter","timestamp":"2019-06-18 18:31:00"}
{"message":"[parseStaticDestination] unmatched param://static-portal.jdcloud.com/jcloud/jc/2.0.0/widget/jdc-side-panel/i/qrCode.jpg","level":"error","service":"vue-ts-converter","timestamp":"2019-06-18 18:31:00"}
{"message":"[parseStaticDestination] unmatched param://img1.jcloudcs.com/cms/475b608b-7495-43bc-acbe-5ba22c1cb09a20181115145426.svg","level":"error","service":"vue-ts-converter","timestamp":"2019-06-18 18:31:01"}
{"message":"[parseStaticDestination] unmatched param://img1.jcloudcs.com/cms/43260b7f-d77e-43c5-957f-d520b22c5aca20181115145458.svg","level":"error","service":"vue-ts-converter","timestamp":"2019-06-18 18:31:01"}
{"message":"[parseStaticDestination] unmatched param://img1.jcloudcs.com/cms/2724d17c-1c16-4823-b731-c4fb53c61ae920181115145439.svg","level":"error","service":"vue-ts-converter","timestamp":"2019-06-18 18:31:01"}
{"message":"[parseStaticDestination] unmatched param://img1.jcloudcs.com/cms/80672617-caa0-4f38-b8bc-e1c42453d86f20181115145511.svg","level":"error","service":"vue-ts-converter","timestamp":"2019-06-18 18:31:01"}
{"message":"[parseStaticDestination] unmatched param://img1.jcloudcs.com/cms/147cc9cc-fb25-4eb7-83c5-30a938c522d120181115145905.svg","level":"error","service":"vue-ts-converter","timestamp":"2019-06-18 18:31:01"}
{"message":"[parseStaticDestination] unmatched param://img1.jcloudcs.com/cms/62c811aa-2d50-4892-9954-e8ca08ed35a120181115145911.svg","level":"error","service":"vue-ts-converter","timestamp":"2019-06-18 18:31:01"}
{"message":"[parseStaticDestination] unmatched param://front.oss.cn-north-1.jcloudcs.com/icon/07%25E5%25BC%25B9%25E6%2580%25A7%25E5%25B7%25A5%25E7%25BD%2591IP.svg","level":"error","service":"vue-ts-converter","timestamp":"2019-06-18 18:31:01"}
{"message":"[parseStaticDestination] unmatched param://img1.jcloudcs.com/cms/15f5c04d-b4d8-4a60-950f-3065dc83b5e220181115145929.svg","level":"error","service":"vue-ts-converter","timestamp":"2019-06-18 18:31:01"}
{"message":"[parseStaticDestination] unmatched param://img1.jcloudcs.com/cms/0581e9e0-974e-4088-a882-0708fc9bd36f20181115150014.svg","level":"error","service":"vue-ts-converter","timestamp":"2019-06-18 18:31:01"}
{"message":"[parseStaticDestination] unmatched param://img1.jcloudcs.com/cms/eb8980bb-04d7-4535-844e-66466fc05b2020181115150020.svg","level":"error","service":"vue-ts-converter","timestamp":"2019-06-18 18:31:01"}
{"message":"[parseStaticDestination] unmatched param://img1.jcloudcs.com/cms/e9d4dff8-7139-4524-838c-4f8a2683e52520181115150026.svg","level":"error","service":"vue-ts-converter","timestamp":"2019-06-18 18:31:01"}
{"message":"[parseStaticDestination] unmatched param://img1.jcloudcs.com/cms/24f69557-a629-4244-a3c0-87c2ff490c0220181115150048.svg","level":"error","service":"vue-ts-converter","timestamp":"2019-06-18 18:31:01"}
{"message":"[parseStaticDestination] unmatched param://img1.jcloudcs.com/cms/926dde08-20ca-4c11-bbaf-55fb878bc68020181115150127.svg","level":"error","service":"vue-ts-converter","timestamp":"2019-06-18 18:31:01"}
{"message":"[parseStaticDestination] unmatched param://img1.jcloudcs.com/cms/2aca965d-0b57-4fb9-9ca7-d48ed67bd4ee20181115150132.svg","level":"error","service":"vue-ts-converter","timestamp":"2019-06-18 18:31:01"}
{"message":"[parseStaticDestination] unmatched param://img1.jcloudcs.com/cms/457419a6-d206-47fb-8679-11ebe7bc237520181115150341.svg","level":"error","service":"vue-ts-converter","timestamp":"2019-06-18 18:31:01"}
{"message":"[parseStaticDestination] unmatched param://img1.jcloudcs.com/cms/9da193e6-6a80-4864-a4b2-55fc1a90fd8b20181115150418.svg","level":"error","service":"vue-ts-converter","timestamp":"2019-06-18 18:31:01"}
{"message":"[parseStaticDestination] unmatched param://img1.jcloudcs.com/cms/6a4703fa-6b84-48a5-8181-609e28cbbac520181115150237.svg","level":"error","service":"vue-ts-converter","timestamp":"2019-06-18 18:31:01"}
{"message":"[parseStaticDestination] unmatched param://img1.jcloudcs.com/cms/0c1c7650-736d-4cff-af88-44ec7f21fdaa20181115150246.svg","level":"error","service":"vue-ts-converter","timestamp":"2019-06-18 18:31:01"}
{"message":"[parseStaticDestination] unmatched param:https://img30.360buyimg.com/mkts/jfs/t22342/249/1473789937/6027/3ddebd87/5b2b092cNbdd3c540.png","level":"error","service":"vue-ts-converter","timestamp":"2019-06-18 18:31:01"}
{"message":"[parseStaticDestination] unmatched param:https://img30.360buyimg.com/mkts/jfs/t22342/249/1473789937/6027/3ddebd87/5b2b092cNbdd3c540.png","level":"error","service":"vue-ts-converter","timestamp":"2019-06-18 18:31:01"}
{"message":"[parseStaticDestination] unmatched param:https://img30.360buyimg.com/mkts/jfs/t22342/249/1473789937/6027/3ddebd87/5b2b092cNbdd3c540.png","level":"error","service":"vue-ts-converter","timestamp":"2019-06-18 18:31:02"}
{"message":"[parseStaticDestination] unmatched param:https://img1.jcloudcs.com/portal/journal/journal8.jpg","level":"error","service":"vue-ts-converter","timestamp":"2019-06-18 18:31:02"}
{"message":"[parseStaticDestination] unmatched param:https://img30.360buyimg.com/mkts/jfs/t22342/249/1473789937/6027/3ddebd87/5b2b092cNbdd3c540.png","level":"error","service":"vue-ts-converter","timestamp":"2019-06-18 18:31:02"}
{"message":"[parseStaticDestination] unmatched param:https://img1.jcloudcs.com/portal/journal/journal9.jpg","level":"error","service":"vue-ts-converter","timestamp":"2019-06-18 18:31:02"}
{"message":"[parseStaticDestination] unmatched param:https://img30.360buyimg.com/mkts/jfs/t22342/249/1473789937/6027/3ddebd87/5b2b092cNbdd3c540.png","level":"error","service":"vue-ts-converter","timestamp":"2019-06-18 18:31:02"}
{"message":"[parseStaticDestination] unmatched param:https://img1.jcloudcs.com/portal/journal/journal10.png","level":"error","service":"vue-ts-converter","timestamp":"2019-06-18 18:31:02"}
{"message":"[parseStaticDestination] unmatched param://img1.jcloudcs.com/portal/journal/journal-qrcode.jpg","level":"error","service":"vue-ts-converter","timestamp":"2019-06-18 18:31:02"}
{"message":"[parseStaticDestination] unmatched param://img1.jcloudcs.com/portal/journal/journal9_2.jpg","level":"error","service":"vue-ts-converter","timestamp":"2019-06-18 18:31:02"}
{"message":"[parseStaticDestination] unmatched param://img1.jcloudcs.com/portal/journal/journal-qrcode.jpg","level":"error","service":"vue-ts-converter","timestamp":"2019-06-18 18:31:02"}
{"message":"[parseStaticDestination] unmatched param://img1.jcloudcs.com/portal/journal/journal9_2.jpg","level":"error","service":"vue-ts-converter","timestamp":"2019-06-18 18:31:02"}
{"message":"[parseStaticDestination] unmatched param://static-portal.jdcloud.com/jcloud/jc/2.2.0/widget/jdc-service/i/sicon1.png","level":"error","service":"vue-ts-converter","timestamp":"2019-06-18 18:31:02"}
{"message":"[parseStaticDestination] unmatched param://static-portal.jdcloud.com/jcloud/jc/2.2.0/widget/jdc-service/i/sicon2.png","level":"error","service":"vue-ts-converter","timestamp":"2019-06-18 18:31:02"}
{"message":"[parseStaticDestination] unmatched param://static-portal.jdcloud.com/jcloud/jc/2.2.0/widget/jdc-service/i/sicon3.png","level":"error","service":"vue-ts-converter","timestamp":"2019-06-18 18:31:02"}
{"message":"[parseStaticDestination] unmatched param://static-portal.jdcloud.com/jcloud/jc/2.2.0/widget/jdc-service/i/sicon4.png","level":"error","service":"vue-ts-converter","timestamp":"2019-06-18 18:31:02"}
